I will start by reading the research data file located at `/home/pi/hotel-websites/hotels/hotel-s-park/research.md` to understand the hotel details and retrieve references to the images.
I will list the contents of the `/home/pi` directory or its subdirectories to locate the research file.
I will check the contents of `/home/pi/hotel-websites` to see where the research data is stored.
I will list the contents of the `/home/pi/hotel-websites/hotels` directory.
I will list the contents of the `/home/pi/hotel-websites/hotels/hotel-s-park` directory.
I will read the contents of `/home/pi/hotel-websites/hotel-research.md` because it may contain the research data for all hotels, including Hotel S Park.
I will run a command to locate any file named `research.md` or containing "research" in the `/home/pi/hotel-websites` folder to ensure I haven't missed it.
I will view one of the other research files, such as `/home/pi/hotel-websites/hotels/hotel-greenland/research.md`, to see what kind of detailed information is provided and if there are specific image URLs or other details I should expect for Hotel S Park.
I will create the `/home/pi/hotel-websites/hotels/hotel-s-park/research.md` file since it wasn't present, but we have the relevant research details for Hotel S Park in `/home/pi/hotel-websites/hotel-research.md`. This will ensure the project structure is consistent.
I will find existing `package.json` files in `/home/pi/hotel-websites` to see if other hotel websites have already been developed and how their folder structures and setups look.
I will view the `package.json` of the Sri Sri Sri Excellency website to understand the template, dependencies, and setup configuration used in this project.
I will list the contents of the `/home/pi/hotel-websites/hotels/sri-sri-sri-excellency/site/` directory to see the file structure of a developed site.
I will list the contents of the `src` directory in the Sri Sri Sri Excellency project to see how the code is structured.
I will view the `vite.config.ts` of the Sri Sri Sri Excellency project to see how it's configured.
I will view the `index.css` of the Sri Sri Sri Excellency project to see how Tailwind or custom styling is loaded.
I will run `npx -y create-vite --help` first to see the available options for initializing a new Vite project, as specified in the project guidelines.
I will wait for the `create-vite --help` command to finish executing in the background and return its output.
I will create the `site` subdirectory and initialize the React TypeScript project using the Vite template `react-ts`. I'll run `create-vite` with the `--template react-ts` and `--no-interactive` flags.
I will ask a quick multiple-choice question to clarify which version of Tailwind CSS you would like me to install for the project.
I will view the newly generated `/home/pi/hotel-websites/hotels/hotel-s-park/site/package.json` to inspect the default packages scaffolded by Vite.
I will install the project dependencies. This includes running `npm install` for the base packages, followed by installing Tailwind CSS v4, Framer Motion, Three.js, Lucide React, and typing definitions for Three.js.
Error: timed out waiting for response
